Info: Starting: Create block symbol file (.bsf)
Info: qsys-generate C:\PROYECTO7\ADC1.qsys --block-symbol-file --output-directory=C:\PROYECTO7\ADC1 --family="Cyclone V" --part=5CSXFC6D6F31C6
Progress: Loading PROYECTO7/ADC1.qsys
Progress: Reading input file
Progress: Adding adc_mega_0 [altera_up_avalon_adc_mega 18.0]
Progress: Parameterizing module adc_mega_0
Progress: Building connections
Progress: Parameterizing connections
Progress: Validating
Progress: Done reading input file
Info: qsys-generate succeeded.
Info: Finished: Create block symbol file (.bsf)
Info: 
Info: Starting: Create HDL design files for synthesis
Info: qsys-generate C:\PROYECTO7\ADC1.qsys --synthesis=VHDL --output-directory=C:\PROYECTO7\ADC1\synthesis --family="Cyclone V" --part=5CSXFC6D6F31C6
Progress: Loading PROYECTO7/ADC1.qsys
Progress: Reading input file
Progress: Adding adc_mega_0 [altera_up_avalon_adc_mega 18.0]
Progress: Parameterizing module adc_mega_0
Progress: Building connections
Progress: Parameterizing connections
Progress: Validating
Progress: Done reading input file
Info: ADC1: Generating ADC1 "ADC1" for QUARTUS_SYNTH
Info: adc_mega_0: Starting Generation of ADC Controller for DE-series Board
Info: adc_mega_0: D:/intelfpga_lite/19.1/ip/altera/university_program/input_output/altera_up_avalon_adc/hdl/altera_up_avalon_adv_adc.v C:/Users/Usuario/AppData/Local/Temp/alt9593_7796449975504796057.dir/0002_sopcgen/ADC1_adc_mega_0.v
Info: adc_mega_0: "ADC1" instantiated altera_up_avalon_adc_mega "adc_mega_0"
Info: ADC1: Done "ADC1" with 2 modules, 3 files
Info: qsys-generate succeeded.
Info: Finished: Create HDL design files for synthesis
